#
# There is insufficient memory for the Java Runtime Environment to continue.
# Native memory allocation (malloc) failed to allocate 1048576 bytes for AllocateHeap
# Possible reasons:
#   The system is out of physical RAM or swap space
#   The process is running with CompressedOops enabled, and the Java Heap may be blocking the growth of the native heap
# Possible solutions:
#   Reduce memory load on the system
#   Increase physical memory or swap space
#   Check if swap backing store is full
#   Decrease Java heap size (-Xmx/-Xms)
#   Decrease number of Java threads
#   Decrease Java thread stack sizes (-Xss)
#   Set larger code cache with -XX:ReservedCodeCacheSize=
#   JVM is running with Zero Based Compressed Oops mode in which the Java heap is
#     placed in the first 32GB address space. The Java Heap base address is the
#     maximum limit for the native heap growth. Please use -XX:HeapBaseMinAddress
#     to set the Java Heap base and to place the Java Heap above 32GB virtual address.
# This output file may be truncated or incomplete.
#
#  Out of Memory Error (allocation.cpp:44), pid=20968, tid=36116
#
# JRE version: Java(TM) SE Runtime Environment (17.0.10+11) (build 17.0.10+11-LTS-240)
# Java VM: Java HotSpot(TM) 64-Bit Server VM (17.0.10+11-LTS-240, mixed mode, emulated-client, sharing, tiered, compressed oops, compressed class ptrs, g1 gc, windows-amd64)
# No core dump will be written. Minidumps are not enabled by default on client versions of Windows
#

---------------  S U M M A R Y ------------

Command Line: -XX:TieredStopAtLevel=1 -Dspring.output.ansi.enabled=always -Dcom.sun.management.jmxremote -Dspring.jmx.enabled=true -Dspring.liveBeansView.mbeanDomain -Dspring.application.admin.enabled=true -Dmanagement.endpoints.jmx.exposure.include=* -javaagent:D:\JetBrains\IntelliJ IDEA 2024.3.5\lib\idea_rt.jar=63250 -Dfile.encoding=UTF-8 com.boa.di.rundeckproject.RundeckProjectApplication

Host: AMD Ryzen 5 5600H with Radeon Graphics         , 12 cores, 15G,  Windows 11 , 64 bit Build 26100 (10.0.26100.4202)
Time: Mon Jun 30 10:50:30 2025 Arabie  elapsed time: 4629.147463 seconds (0d 1h 17m 9s)

---------------  T H R E A D  ---------------

Current thread (0x000002167edfe1b0):  VMThread "VM Thread" [stack: 0x000000e550500000,0x000000e550600000] [id=36116]

Stack: [0x000000e550500000,0x000000e550600000]
Native frames: (J=compiled Java code, j=interpreted, Vv=VM code, C=native code)
V  [jvm.dll+0x677a5a]
V  [jvm.dll+0x7d8b2d]
V  [jvm.dll+0x7da48e]
V  [jvm.dll+0x7daaf3]
V  [jvm.dll+0x2455ff]
V  [jvm.dll+0xa5173]
V  [jvm.dll+0x2f4183]
V  [jvm.dll+0x2f00e0]
V  [jvm.dll+0x2d86b7]
V  [jvm.dll+0x31b227]
V  [jvm.dll+0x7df30b]
V  [jvm.dll+0x7e0044]
V  [jvm.dll+0x7e055d]
V  [jvm.dll+0x7e0934]
V  [jvm.dll+0x7e0a00]
V  [jvm.dll+0x78888a]
V  [jvm.dll+0x676935]
C  [ucrtbase.dll+0x37b0]
C  [KERNEL32.DLL+0x2e8d7]
C  [ntdll.dll+0x3c34c]

VM_Operation (0x000000e5510fefe0): G1CollectFull, mode: safepoint, requested by thread 0x0000021647af4cd0


---------------  P R O C E S S  ---------------

Threads class SMR info:
_java_thread_list=0x000002164ee43830, length=21, elements={
0x000002167ee02e70, 0x000002167ee063b0, 0x000002167ee1e2f0, 0x000002167ee1fcc0,
0x000002167ee21990, 0x000002167ee245e0, 0x000002167ee297b0, 0x000002167ee2fd40,
0x00000216470a59e0, 0x00000216473f9890, 0x000002164757c320, 0x00000216476a7c50,
0x00000216479ebee0, 0x0000021647af2e70, 0x000002164dbc6350, 0x000002164ed43330,
0x000002164dbc6860, 0x000002164ed42910, 0x000002164dbc4a00, 0x0000021647af1f40,
0x0000021647af4cd0
}

Java Threads: ( => current thread )
  0x000002167ee02e70 JavaThread "Reference Handler" daemon [_thread_blocked, id=23000, stack(0x000000e550600000,0x000000e550700000)]
  0x000002167ee063b0 JavaThread "Finalizer" daemon [_thread_blocked, id=22028, stack(0x000000e550700000,0x000000e550800000)]
  0x000002167ee1e2f0 JavaThread "Signal Dispatcher" daemon [_thread_blocked, id=18120, stack(0x000000e550800000,0x000000e550900000)]
  0x000002167ee1fcc0 JavaThread "Attach Listener" daemon [_thread_blocked, id=35428, stack(0x000000e550900000,0x000000e550a00000)]
  0x000002167ee21990 JavaThread "Service Thread" daemon [_thread_blocked, id=25768, stack(0x000000e550a00000,0x000000e550b00000)]
  0x000002167ee245e0 JavaThread "Monitor Deflation Thread" daemon [_thread_blocked, id=36352, stack(0x000000e550b00000,0x000000e550c00000)]
  0x000002167ee297b0 JavaThread "C1 CompilerThread0" daemon [_thread_blocked, id=3768, stack(0x000000e550c00000,0x000000e550d00000)]
  0x000002167ee2fd40 JavaThread "Sweeper thread" daemon [_thread_blocked, id=35684, stack(0x000000e550d00000,0x000000e550e00000)]
  0x00000216470a59e0 JavaThread "Common-Cleaner" daemon [_thread_blocked, id=18356, stack(0x000000e550e00000,0x000000e550f00000)]
  0x00000216473f9890 JavaThread "Monitor Ctrl-Break" daemon [_thread_in_native, id=29916, stack(0x000000e551200000,0x000000e551300000)]
  0x000002164757c320 JavaThread "Notification Thread" daemon [_thread_blocked, id=25124, stack(0x000000e551300000,0x000000e551400000)]
  0x00000216476a7c50 JavaThread "RMI TCP Accept-0" daemon [_thread_in_native, id=28012, stack(0x000000e551400000,0x000000e551500000)]
  0x00000216479ebee0 JavaThread "RMI Scheduler(0)" daemon [_thread_blocked, id=28128, stack(0x000000e551700000,0x000000e551800000)]
  0x0000021647af2e70 JavaThread "mysql-cj-abandoned-connection-cleanup" daemon [_thread_blocked, id=16792, stack(0x000000e552e00000,0x000000e552f00000)]
  0x000002164dbc6350 JavaThread "Live Reload Server" daemon [_thread_in_native, id=30292, stack(0x000000e553400000,0x000000e553500000)]
  0x000002164ed43330 JavaThread "DestroyJavaVM" [_thread_blocked, id=30884, stack(0x000000e54ff00000,0x000000e550000000)]
  0x000002164dbc6860 JavaThread "File Watcher" daemon [_thread_blocked, id=6600, stack(0x000000e551100000,0x000000e551200000)]
  0x000002164ed42910 JavaThread "File Watcher" daemon [_thread_blocked, id=9496, stack(0x000000e550f00000,0x000000e551000000)]
  0x000002164dbc4a00 JavaThread "RMI TCP Connection(7)-169.254.95.120" daemon [_thread_in_native, id=34400, stack(0x000000e54fe00000,0x000000e54ff00000)]
  0x0000021647af1f40 JavaThread "Keep-Alive-Timer" daemon [_thread_blocked, id=7208, stack(0x000000e54fd00000,0x000000e54fe00000)]
  0x0000021647af4cd0 JavaThread "Thread-41" [_thread_blocked, id=37012, stack(0x000000e551000000,0x000000e551100000)]

Other Threads:
=>0x000002167edfe1b0 VMThread "VM Thread" [stack: 0x000000e550500000,0x000000e550600000] [id=36116]
  0x000002166c9da0f0 WatcherThread [stack: 0x000000e551500000,0x000000e551600000] [id=11712]
  0x000002166ca46630 GCTaskThread "GC Thread#0" [stack: 0x000000e550000000,0x000000e550100000] [id=37268]
  0x0000021647696800 GCTaskThread "GC Thread#1" [stack: 0x000000e551800000,0x000000e551900000] [id=7044]
  0x00000216479df900 GCTaskThread "GC Thread#2" [stack: 0x000000e551900000,0x000000e551a00000] [id=35012]
  0x0000021647a83c60 GCTaskThread "GC Thread#3" [stack: 0x000000e551a00000,0x000000e551b00000] [id=13512]
  0x00000216479f07d0 GCTaskThread "GC Thread#4" [stack: 0x000000e551b00000,0x000000e551c00000] [id=16616]
  0x0000021647a775b0 GCTaskThread "GC Thread#5" [stack: 0x000000e551c00000,0x000000e551d00000] [id=31644]
  0x0000021647a77870 GCTaskThread "GC Thread#6" [stack: 0x000000e551d00000,0x000000e551e00000] [id=13608]
  0x0000021647aa9180 GCTaskThread "GC Thread#7" [stack: 0x000000e551e00000,0x000000e551f00000] [id=22924]
  0x0000021647aa9440 GCTaskThread "GC Thread#8" [stack: 0x000000e551f00000,0x000000e552000000] [id=35260]
  0x000002164c15c8a0 GCTaskThread "GC Thread#9" [stack: 0x000000e552400000,0x000000e552500000] [id=11416]
  0x000002166ca577e0 ConcurrentGCThread "G1 Main Marker" [stack: 0x000000e550100000,0x000000e550200000] [id=35616]
  0x000002166ca5c8b0 ConcurrentGCThread "G1 Conc#0" [stack: 0x000000e550200000,0x000000e550300000] [id=1652]
  0x000002164c6a5160 ConcurrentGCThread "G1 Conc#1" [stack: 0x000000e552500000,0x000000e552600000] [id=8168]
  0x000002164c6a5420 ConcurrentGCThread "G1 Conc#2" [stack: 0x000000e552a00000,0x000000e552b00000] [id=29052]
  0x000002166ca8d410 ConcurrentGCThread "G1 Refine#0" [stack: 0x000000e550300000,0x000000e550400000] [id=10504]
  0x00000216479f0a90 ConcurrentGCThread "G1 Refine#1" [stack: 0x000000e552000000,0x000000e552100000] [id=36240]
  0x000002166ca8ebf0 ConcurrentGCThread "G1 Service" [stack: 0x000000e550400000,0x000000e550500000] [id=11436]

Threads with active compile tasks:
C1 CompilerThread0  4629189 19569  s!   1       org.apache.catalina.util.LifecycleBase::destroy (274 bytes)

VM state: at safepoint (normal execution)

VM Mutex/Monitor currently owned by a thread:  ([mutex/lock_event])
[0x000002166c9d7040] Threads_lock - owner thread: 0x000002167edfe1b0
[0x000002166c9d5ae0] Heap_lock - owner thread: 0x0000021647af4cd0

Heap address: 0x000000070a600000, size: 3930 MB, Compressed Oops mode: Zero based, Oop shift amount: 3

CDS archive(s) mapped at: [0x0000021606000000-0x0000021606bd0000-0x0000021606bd0000), size 12386304, SharedBaseAddress: 0x0000021606000000, ArchiveRelocationMode: 1.
Compressed class space mapped at: 0x0000021607000000-0x0000021647000000, reserved size: 1073741824
Narrow klass base: 0x0000021606000000, Narrow klass shift: 0, Narrow klass range: 0x100000000

GC Precious Log:
 CPUs: 12 total, 12 available
 Memory: 15713M
 Large Page Support: Disabled
 NUMA Support: Disabled
 Compressed Oops: Enabled (Zero based)
 Heap Region Size: 2M
 Heap Min Capacity: 8M
 Heap Initial Capacity: 246M
 Heap Max Capacity: 3930M
 Pre-touch: Disabled
 Parallel Workers: 10
 Concurrent Workers: 3
 Concurrent Refinement Workers: 10
 Periodic GC: Disabled

Heap:
 garbage-first heap   total 143360K, used 75381K [0x000000070a600000, 0x0000000800000000)
  region size 2048K, 14 young (28672K), 1 survivors (2048K)
 Metaspace       used 90577K, committed 91584K, reserved 1179648K
  class space    used 12851K, committed 13312K, reserved 1048576K

Heap Regions: E=young(eden), S=young(survivor), O=old, HS=humongous(starts), HC=humongous(continues), CS=collection set, F=free, OA=open archive, CA=closed archive, TAMS=top-at-mark-start (previous, next)
|   0|0x000000070a600000, 0x000000070a800000, 0x000000070a800000|100%| O|  |TAMS 0x000000070a800000, 0x000000070a600000| Untracked 
|   1|0x000000070a800000, 0x000000070a9fffe8, 0x000000070aa00000| 99%| O|  |TAMS 0x000000070a9fffe8, 0x000000070a800000| Untracked 
|   2|0x000000070aa00000, 0x000000070abffff0, 0x000000070ac00000| 99%| O|  |TAMS 0x000000070abffff0, 0x000000070aa00000| Untracked 
|   3|0x000000070ac00000, 0x000000070adfffb8, 0x000000070ae00000| 99%| O|  |TAMS 0x000000070adfffb8, 0x000000070ac00000| Untracked 
|   4|0x000000070ae00000, 0x000000070afffff0, 0x000000070b000000| 99%| O|  |TAMS 0x000000070afffff0, 0x000000070ae00000| Untracked 
|   5|0x000000070b000000, 0x000000070b1ffff0, 0x000000070b200000| 99%| O|  |TAMS 0x000000070b1ffff0, 0x000000070b000000| Untracked 
|   6|0x000000070b200000, 0x000000070b3fffd0, 0x000000070b400000| 99%| O|  |TAMS 0x000000070b3fffd0, 0x000000070b200000| Untracked 
|   7|0x000000070b400000, 0x000000070b600000, 0x000000070b600000|100%| O|  |TAMS 0x000000070b600000, 0x000000070b400000| Untracked 
|   8|0x000000070b600000, 0x000000070b7fffe0, 0x000000070b800000| 99%| O|  |TAMS 0x000000070b7fffe0, 0x000000070b600000| Untracked 
|   9|0x000000070b800000, 0x000000070b9fffe0, 0x000000070ba00000| 99%| O|  |TAMS 0x000000070b9fffe0, 0x000000070b800000| Untracked 
|  10|0x000000070ba00000, 0x000000070bbffff0, 0x000000070bc00000| 99%| O|  |TAMS 0x000000070ba00000, 0x000000070ba00000| Untracked 
|  11|0x000000070bc00000, 0x000000070bdffff0, 0x000000070be00000| 99%| O|  |TAMS 0x000000070bc00000, 0x000000070bc00000| Untracked 
|  12|0x000000070be00000, 0x000000070bfffff8, 0x000000070c000000| 99%| O|  |TAMS 0x000000070be00000, 0x000000070be00000| Untracked 
|  13|0x000000070c000000, 0x000000070c1ffee0, 0x000000070c200000| 99%| O|  |TAMS 0x000000070c1ffee0, 0x000000070c000000| Untracked 
|  14|0x000000070c200000, 0x000000070c3da358, 0x000000070c400000| 92%| O|  |TAMS 0x000000070c200000, 0x000000070c200000| Untracked 
|  15|0x000000070c400000, 0x000000070c5ffff8, 0x000000070c600000| 99%| O|  |TAMS 0x000000070c5ffff8, 0x000000070c400000| Untracked 
|  16|0x000000070c600000, 0x000000070c7795a0, 0x000000070c800000| 73%| O|  |TAMS 0x000000070c600000, 0x000000070c600000| Untracked 
|  17|0x000000070c800000, 0x000000070c8b22b8, 0x000000070ca00000| 34%| O|  |TAMS 0x000000070c800000, 0x000000070c800000| Untracked 
|  18|0x000000070ca00000, 0x000000070cbffff8, 0x000000070cc00000| 99%| O|  |TAMS 0x000000070cbffff8, 0x000000070ca00000| Untracked 
|  19|0x000000070cc00000, 0x000000070cc65ee0, 0x000000070ce00000| 19%| O|  |TAMS 0x000000070cc00000, 0x000000070cc00000| Untracked 
|  20|0x000000070ce00000, 0x000000070d000000, 0x000000070d000000|100%| O|  |TAMS 0x000000070ce00000, 0x000000070ce00000| Untracked 
|  21|0x000000070d000000, 0x000000070d0b7170, 0x000000070d200000| 35%| O|  |TAMS 0x000000070d000000, 0x000000070d000000| Untracked 
|  22|0x000000070d200000, 0x000000070d400000, 0x000000070d400000|100%| O|  |TAMS 0x000000070d200000, 0x000000070d200000| Untracked 
|  23|0x000000070d400000, 0x000000070d600000, 0x000000070d600000|100%| O|  |TAMS 0x000000070d400000, 0x000000070d400000| Untracked 
|  24|0x000000070d600000, 0x000000070d800000, 0x000000070d800000|100%| O|  |TAMS 0x000000070d600000, 0x000000070d600000| Untracked 
|  25|0x000000070d800000, 0x000000070da00000, 0x000000070da00000|100%| O|  |TAMS 0x000000070d800000, 0x000000070d800000| Untracked 
|  26|0x000000070da00000, 0x000000070db97e00, 0x000000070dc00000| 79%| O|  |TAMS 0x000000070da00000, 0x000000070da00000| Untracked 
|  27|0x000000070dc00000, 0x000000070dc00000, 0x000000070de00000|  0%| F|  |TAMS 0x000000070dc00000, 0x000000070dc00000| Untracked 
|  28|0x000000070de00000, 0x000000070de00000, 0x000000070e000000|  0%| F|  |TAMS 0x000000070de00000, 0x000000070de00000| Untracked 
|  29|0x000000070e000000, 0x000000070e000000, 0x000000070e200000|  0%| F|  |TAMS 0x000000070e000000, 0x000000070e000000| Untracked 
|  30|0x000000070e200000, 0x000000070e200000, 0x000000070e400000|  0%| F|  |TAMS 0x000000070e200000, 0x000000070e200000| Untracked 
|  31|0x000000070e400000, 0x000000070e400000, 0x000000070e600000|  0%| F|  |TAMS 0x000000070e400000, 0x000000070e400000| Untracked 
|  32|0x000000070e600000, 0x000000070e600000, 0x000000070e800000|  0%| F|  |TAMS 0x000000070e600000, 0x000000070e600000| Untracked 
|  33|0x000000070e800000, 0x000000070e800000, 0x000000070ea00000|  0%| F|  |TAMS 0x000000070e800000, 0x000000070e800000| Untracked 
|  34|0x000000070ea00000, 0x000000070ea00000, 0x000000070ec00000|  0%| F|  |TAMS 0x000000070ea00000, 0x000000070ea00000| Untracked 
|  35|0x000000070ec00000, 0x000000070ece2ff0, 0x000000070ee00000| 44%| S|CS|TAMS 0x000000070ec00000, 0x000000070ec00000| Complete 
|  36|0x000000070ee00000, 0x000000070ee00000, 0x000000070f000000|  0%| F|  |TAMS 0x000000070ee00000, 0x000000070ee00000| Untracked 
|  37|0x000000070f000000, 0x000000070f000000, 0x000000070f200000|  0%| F|  |TAMS 0x000000070f000000, 0x000000070f000000| Untracked 
|  38|0x000000070f200000, 0x000000070f200000, 0x000000070f400000|  0%| F|  |TAMS 0x000000070f200000, 0x000000070f200000| Untracked 
|  39|0x000000070f400000, 0x000000070f400000, 0x000000070f600000|  0%| F|  |TAMS 0x000000070f400000, 0x000000070f400000| Untracked 
|  40|0x000000070f600000, 0x000000070f600000, 0x000000070f800000|  0%| F|  |TAMS 0x000000070f600000, 0x000000070f600000| Untracked 
|  41|0x000000070f800000, 0x000000070f800000, 0x000000070fa00000|  0%| F|  |TAMS 0x000000070f800000, 0x000000070f800000| Untracked 
|  42|0x000000070fa00000, 0x000000070fa00000, 0x000000070fc00000|  0%| F|  |TAMS 0x000000070fa00000, 0x000000070fa00000| Untracked 
|  43|0x000000070fc00000, 0x000000070fc00000, 0x000000070fe00000|  0%| F|  |TAMS 0x000000070fc00000, 0x000000070fc00000| Untracked 
|  44|0x000000070fe00000, 0x000000070fe00000, 0x0000000710000000|  0%| F|  |TAMS 0x000000070fe00000, 0x000000070fe00000| Untracked 
|  45|0x0000000710000000, 0x0000000710000000, 0x0000000710200000|  0%| F|  |TAMS 0x0000000710000000, 0x0000000710000000| Untracked 
|  46|0x0000000710200000, 0x0000000710200000, 0x0000000710400000|  0%| F|  |TAMS 0x0000000710200000, 0x0000000710200000| Untracked 
|  47|0x0000000710400000, 0x0000000710400000, 0x0000000710600000|  0%| F|  |TAMS 0x0000000710400000, 0x0000000710400000| Untracked 
|  48|0x0000000710600000, 0x0000000710600000, 0x0000000710800000|  0%| F|  |TAMS 0x0000000710600000, 0x0000000710600000| Untracked 
|  49|0x0000000710800000, 0x0000000710800000, 0x0000000710a00000|  0%| F|  |TAMS 0x0000000710800000, 0x0000000710800000| Untracked 
|  50|0x0000000710a00000, 0x0000000710a00000, 0x0000000710c00000|  0%| F|  |TAMS 0x0000000710a00000, 0x0000000710a00000| Untracked 
|  51|0x0000000710c00000, 0x0000000710c00000, 0x0000000710e00000|  0%| F|  |TAMS 0x0000000710c00000, 0x0000000710c00000| Untracked 
|  52|0x0000000710e00000, 0x0000000710e00000, 0x0000000711000000|  0%| F|  |TAMS 0x0000000710e00000, 0x0000000710e00000| Untracked 
|  53|0x0000000711000000, 0x0000000711000000, 0x0000000711200000|  0%| F|  |TAMS 0x0000000711000000, 0x0000000711000000| Untracked 
|  54|0x0000000711200000, 0x0000000711200000, 0x0000000711400000|  0%| F|  |TAMS 0x0000000711200000, 0x0000000711200000| Untracked 
|  55|0x0000000711400000, 0x0000000711400000, 0x0000000711600000|  0%| F|  |TAMS 0x0000000711400000, 0x0000000711400000| Untracked 
|  56|0x0000000711600000, 0x0000000711600000, 0x0000000711800000|  0%| F|  |TAMS 0x0000000711600000, 0x0000000711600000| Untracked 
|  57|0x0000000711800000, 0x00000007118d8cd0, 0x0000000711a00000| 42%| E|  |TAMS 0x0000000711800000, 0x0000000711800000| Complete 
|  58|0x0000000711a00000, 0x0000000711c00000, 0x0000000711c00000|100%| E|CS|TAMS 0x0000000711a00000, 0x0000000711a00000| Complete 
|  59|0x0000000711c00000, 0x0000000711e00000, 0x0000000711e00000|100%| E|CS|TAMS 0x0000000711c00000, 0x0000000711c00000| Complete 
|  60|0x0000000711e00000, 0x0000000712000000, 0x0000000712000000|100%| E|CS|TAMS 0x0000000711e00000, 0x0000000711e00000| Complete 
|  61|0x0000000712000000, 0x0000000712200000, 0x0000000712200000|100%| E|CS|TAMS 0x0000000712000000, 0x0000000712000000| Complete 
|  62|0x0000000712200000, 0x0000000712400000, 0x0000000712400000|100%| E|CS|TAMS 0x0000000712200000, 0x0000000712200000| Complete 
|  63|0x0000000712400000, 0x0000000712600000, 0x0000000712600000|100%| E|CS|TAMS 0x0000000712400000, 0x0000000712400000| Complete 
|  64|0x0000000712600000, 0x0000000712800000, 0x0000000712800000|100%| E|CS|TAMS 0x0000000712600000, 0x0000000712600000| Complete 
|  65|0x0000000712800000, 0x0000000712a00000, 0x0000000712a00000|100%| E|CS|TAMS 0x0000000712800000, 0x0000000712800000| Complete 
|  66|0x0000000712a00000, 0x0000000712c00000, 0x0000000712c00000|100%| E|CS|TAMS 0x0000000712a00000, 0x0000000712a00000| Complete 
|  67|0x0000000712c00000, 0x0000000712e00000, 0x0000000712e00000|100%| E|CS|TAMS 0x0000000712c00000, 0x0000000712c00000| Complete 
|  68|0x0000000712e00000, 0x0000000713000000, 0x0000000713000000|100%| E|CS|TAMS 0x0000000712e00000, 0x0000000712e00000| Complete 
|  69|0x0000000713000000, 0x0000000713200000, 0x0000000713200000|100%| E|CS|TAMS 0x0000000713000000, 0x0000000713000000| Complete 

Card table byte_map: [0x0000021679d00000,0x000002167a4b0000] _byte_map_base: 0x00000216764ad000

Marking Bits (Prev, Next): (CMBitMap*) 0x000002166ca46c90, (CMBitMap*) 0x000002166ca46c50
 Prev Bits: [0x0000021600000000, 0x0000021603d68000)
 Next Bits: [0x000002167ac60000, 0x000002167e9c8000)

Polling page: 0x000002166e240000

Metaspace:

Usage:
  Non-class:     75.90 MB used.
      Class:     12.55 MB used.
       Both:     88.45 MB used.

Virtual space:
  Non-class space:      128.00 MB reserved,      76.44 MB ( 60%) committed,  2 nodes.
      Class space:        1.00 GB reserved,      13.00 MB (  1%) committed,  1 nodes.
             Both:        1.12 GB reserved,      89.44 MB (  8%) committed. 

Chunk freelists:
   Non-Class:  2.73 MB
       Class:  3.00 MB
        Both:  5.73 MB

MaxMetaspaceSize: unlimited
CompressedClassSpaceSize: 1.00 GB
Initial GC threshold: 21.00 MB
Current GC threshold: 144.62 MB
CDS: on
MetaspaceReclaimPolicy: balanced
 - commit_granule_bytes: 65536.
 - commit_granule_words: 8192.
 - virtual_space_node_default_size: 8388608.
 - enlarge_chunks_in_place: 1.
 - new_chunks_are_fully_committed: 0.
 - uncommit_free_chunks: 1.
 - use_allocation_guard: 0.
 - handle_deallocations: 1.


Internal statistics:

num_allocs_failed_limit: 9.
num_arena_births: 2788.
num_arena_deaths: 1134.
num_vsnodes_births: 3.
num_vsnodes_deaths: 0.
num_space_committed: 1473.
num_space_uncommitted: 42.
num_chunks_returned_to_freelist: 1958.
num_chunks_taken_from_freelist: 7855.
num_chunk_merges: 509.
num_chunk_splits: 4345.
num_chunks_enlarged: 2724.
num_inconsistent_stats: 0.

CodeCache: size=49152Kb used=33453Kb max_used=34671Kb free=15699Kb
 bounds [0x0000021675bc0000, 0x0000021677df0000, 0x0000021678bc0000]
 total_blobs=20142 nmethods=19341 adapters=726
 compilation: enabled
              stopped_count=0, restarted_count=0
 full_count=0

Compilation events (20 events):
Event: 4569.150 Thread 0x000002167ee297b0 nmethod 19559 0x00000216778bd310 code [0x00000216778bd520, 0x00000216778bd908]
Event: 4569.152 Thread 0x000002167ee297b0 19560       1       java.lang.invoke.DelegatingMethodHandle::makeReinvokerForm (10 bytes)
Event: 4569.152 Thread 0x000002167ee297b0 nmethod 19560 0x00000216778bd010 code [0x00000216778bd1a0, 0x00000216778bd268]
Event: 4569.172 Thread 0x000002167ee297b0 19561       1       org.springframework.security.web.util.OnCommittedResponseWrapper::isDisableOnResponseCommitted (5 bytes)
Event: 4569.172 Thread 0x000002167ee297b0 nmethod 19561 0x00000216778bcd10 code [0x00000216778bcea0, 0x00000216778bcf78]
Event: 4569.174 Thread 0x000002167ee297b0 19562       1       org.apache.catalina.connector.OutputBuffer::clear (10 bytes)
Event: 4569.174 Thread 0x000002167ee297b0 nmethod 19562 0x00000216778bc990 code [0x00000216778bcb40, 0x00000216778bcc58]
Event: 4625.094 Thread 0x000002167ee297b0 19563       1       org.springframework.boot.devtools.filewatch.ChangedFile::hashCode (19 bytes)
Event: 4625.097 Thread 0x000002167ee297b0 nmethod 19563 0x00000216778bc490 code [0x00000216778bc640, 0x00000216778bc7c8]
Event: 4625.097 Thread 0x000002167ee297b0 19564       1       org.springframework.boot.devtools.filewatch.ChangedFile::<init> (38 bytes)
Event: 4625.098 Thread 0x000002167ee297b0 nmethod 19564 0x00000216778bbd10 code [0x00000216778bbee0, 0x00000216778bc2e8]
Event: 4625.115 Thread 0x000002167ee297b0 19565       1       org.springframework.boot.devtools.filewatch.ChangedFile::getType (5 bytes)
Event: 4625.115 Thread 0x000002167ee297b0 nmethod 19565 0x00000216778bba10 code [0x00000216778bbba0, 0x00000216778bbc78]
Event: 4628.118 Thread 0x000002167ee297b0 19566       1       java.util.concurrent.CountDownLatch$Sync::tryAcquireShared (13 bytes)
Event: 4628.118 Thread 0x000002167ee297b0 nmethod 19566 0x00000216778bb710 code [0x00000216778bb8a0, 0x00000216778bb978]
Event: 4628.140 Thread 0x000002167ee297b0 19567       1       org.apache.catalina.core.DefaultInstanceManager::preDestroy (105 bytes)
Event: 4628.141 Thread 0x000002167ee297b0 nmethod 19567 0x00000216778ba990 code [0x00000216778babe0, 0x00000216778bb258]
Event: 4628.145 Thread 0x000002167ee297b0 19568       1       org.apache.catalina.valves.ValveBase::setContainer (6 bytes)
Event: 4628.145 Thread 0x000002167ee297b0 nmethod 19568 0x00000216778ba690 code [0x00000216778ba820, 0x00000216778ba938]
Event: 4628.145 Thread 0x000002167ee297b0 19569  s!   1       org.apache.catalina.util.LifecycleBase::destroy (274 bytes)

GC Heap History (20 events):
Event: 3582.110 GC heap before
{Heap before GC invocations=93 (full 18):
 garbage-first heap   total 143360K, used 119705K [0x000000070a600000, 0x0000000800000000)
  region size 2048K, 35 young (71680K), 1 survivors (2048K)
 Metaspace       used 90375K, committed 91328K, reserved 1179648K
  class space    used 12812K, committed 13248K, reserved 1048576K
}
Event: 3582.111 GC heap after
{Heap after GC invocations=94 (full 18):
 garbage-first heap   total 143360K, used 50020K [0x000000070a600000, 0x0000000800000000)
  region size 2048K, 1 young (2048K), 1 survivors (2048K)
 Metaspace       used 90375K, committed 91328K, reserved 1179648K
  class space    used 12812K, committed 13248K, reserved 1048576K
}
Event: 3694.643 GC heap before
{Heap before GC invocations=94 (full 18):
 garbage-first heap   total 143360K, used 119652K [0x000000070a600000, 0x0000000800000000)
  region size 2048K, 35 young (71680K), 1 survivors (2048K)
 Metaspace       used 90384K, committed 91392K, reserved 1179648K
  class space    used 12814K, committed 13248K, reserved 1048576K
}
Event: 3694.645 GC heap after
{Heap after GC invocations=95 (full 18):
 garbage-first heap   total 143360K, used 50089K [0x000000070a600000, 0x0000000800000000)
  region size 2048K, 1 young (2048K), 1 survivors (2048K)
 Metaspace       used 90384K, committed 91392K, reserved 1179648K
  class space    used 12814K, committed 13248K, reserved 1048576K
}
Event: 3810.028 GC heap before
{Heap before GC invocations=95 (full 18):
 garbage-first heap   total 143360K, used 119721K [0x000000070a600000, 0x0000000800000000)
  region size 2048K, 35 young (71680K), 1 survivors (2048K)
 Metaspace       used 90384K, committed 91392K, reserved 1179648K
  class space    used 12814K, committed 13248K, reserved 1048576K
}
Event: 3810.035 GC heap after
{Heap after GC invocations=96 (full 18):
 garbage-first heap   total 143360K, used 49999K [0x000000070a600000, 0x0000000800000000)
  region size 2048K, 1 young (2048K), 1 survivors (2048K)
 Metaspace       used 90384K, committed 91392K, reserved 1179648K
  class space    used 12814K, committed 13248K, reserved 1048576K
}
Event: 3924.555 GC heap before
{Heap before GC invocations=96 (full 18):
 garbage-first heap   total 143360K, used 119631K [0x000000070a600000, 0x0000000800000000)
  region size 2048K, 35 young (71680K), 1 survivors (2048K)
 Metaspace       used 90394K, committed 91392K, reserved 1179648K
  class space    used 12816K, committed 13248K, reserved 1048576K
}
Event: 3924.556 GC heap after
{Heap after GC invocations=97 (full 18):
 garbage-first heap   total 143360K, used 50027K [0x000000070a600000, 0x0000000800000000)
  region size 2048K, 1 young (2048K), 1 survivors (2048K)
 Metaspace       used 90394K, committed 91392K, reserved 1179648K
  class space    used 12816K, committed 13248K, reserved 1048576K
}
Event: 4037.612 GC heap before
{Heap before GC invocations=97 (full 18):
 garbage-first heap   total 143360K, used 119659K [0x000000070a600000, 0x0000000800000000)
  region size 2048K, 35 young (71680K), 1 survivors (2048K)
 Metaspace       used 90394K, committed 91392K, reserved 1179648K
  class space    used 12816K, committed 13248K, reserved 1048576K
}
Event: 4037.613 GC heap after
{Heap after GC invocations=98 (full 18):
 garbage-first heap   total 143360K, used 50051K [0x000000070a600000, 0x0000000800000000)
  region size 2048K, 1 young (2048K), 1 survivors (2048K)
 Metaspace       used 90394K, committed 91392K, reserved 1179648K
  class space    used 12816K, committed 13248K, reserved 1048576K
}
Event: 4152.885 GC heap before
{Heap before GC invocations=98 (full 18):
 garbage-first heap   total 143360K, used 119683K [0x000000070a600000, 0x0000000800000000)
  region size 2048K, 35 young (71680K), 1 survivors (2048K)
 Metaspace       used 90394K, committed 91392K, reserved 1179648K
  class space    used 12816K, committed 13248K, reserved 1048576K
}
Event: 4152.887 GC heap after
{Heap after GC invocations=99 (full 18):
 garbage-first heap   total 143360K, used 50031K [0x000000070a600000, 0x0000000800000000)
  region size 2048K, 1 young (2048K), 1 survivors (2048K)
 Metaspace       used 90394K, committed 91392K, reserved 1179648K
  class space    used 12816K, committed 13248K, reserved 1048576K
}
Event: 4266.673 GC heap before
{Heap before GC invocations=99 (full 18):
 garbage-first heap   total 143360K, used 119663K [0x000000070a600000, 0x0000000800000000)
  region size 2048K, 35 young (71680K), 1 survivors (2048K)
 Metaspace       used 90404K, committed 91456K, reserved 1179648K
  class space    used 12817K, committed 13312K, reserved 1048576K
}
Event: 4266.674 GC heap after
{Heap after GC invocations=100 (full 18):
 garbage-first heap   total 143360K, used 50041K [0x000000070a600000, 0x0000000800000000)
  region size 2048K, 1 young (2048K), 1 survivors (2048K)
 Metaspace       used 90404K, committed 91456K, reserved 1179648K
  class space    used 12817K, committed 13312K, reserved 1048576K
}
Event: 4379.703 GC heap before
{Heap before GC invocations=100 (full 18):
 garbage-first heap   total 143360K, used 119673K [0x000000070a600000, 0x0000000800000000)
  region size 2048K, 35 young (71680K), 1 survivors (2048K)
 Metaspace       used 90404K, committed 91456K, reserved 1179648K
  class space    used 12817K, committed 13312K, reserved 1048576K
}
Event: 4379.711 GC heap after
{Heap after GC invocations=101 (full 18):
 garbage-first heap   total 143360K, used 50123K [0x000000070a600000, 0x0000000800000000)
  region size 2048K, 1 young (2048K), 1 survivors (2048K)
 Metaspace       used 90404K, committed 91456K, reserved 1179648K
  class space    used 12817K, committed 13312K, reserved 1048576K
}
Event: 4484.725 GC heap before
{Heap before GC invocations=101 (full 18):
 garbage-first heap   total 143360K, used 119755K [0x000000070a600000, 0x0000000800000000)
  region size 2048K, 35 young (71680K), 1 survivors (2048K)
 Metaspace       used 90404K, committed 91456K, reserved 1179648K
  class space    used 12817K, committed 13312K, reserved 1048576K
}
Event: 4484.727 GC heap after
{Heap after GC invocations=102 (full 18):
 garbage-first heap   total 143360K, used 50771K [0x000000070a600000, 0x0000000800000000)
  region size 2048K, 1 young (2048K), 1 survivors (2048K)
 Metaspace       used 90404K, committed 91456K, reserved 1179648K
  class space    used 12817K, committed 13312K, reserved 1048576K
}
Event: 4587.695 GC heap before
{Heap before GC invocations=102 (full 18):
 garbage-first heap   total 143360K, used 120403K [0x000000070a600000, 0x0000000800000000)
  region size 2048K, 35 young (71680K), 1 survivors (2048K)
 Metaspace       used 90497K, committed 91520K, reserved 1179648K
  class space    used 12837K, committed 13312K, reserved 1048576K
}
Event: 4587.696 GC heap after
{Heap after GC invocations=103 (full 18):
 garbage-first heap   total 143360K, used 50805K [0x000000070a600000, 0x0000000800000000)
  region size 2048K, 1 young (2048K), 1 survivors (2048K)
 Metaspace       used 90497K, committed 91520K, reserved 1179648K
  class space    used 12837K, committed 13312K, reserved 1048576K
}

Deoptimization events (16 events):
Event: 2.411 Thread 0x0000021647af3380 DEOPT PACKING pc=0x000002167643cd6c sp=0x000000e5523fb8b0
Event: 2.411 Thread 0x0000021647af3380 DEOPT UNPACKING pc=0x0000021675c12b43 sp=0x000000e5523fad70 mode 0
Event: 6.109 Thread 0x0000021647af3380 DEOPT PACKING pc=0x00000216760c0264 sp=0x000000e5523f7c00
Event: 6.109 Thread 0x0000021647af3380 DEOPT UNPACKING pc=0x0000021675c12b43 sp=0x000000e5523f7120 mode 0
Event: 6.109 Thread 0x0000021647af3380 DEOPT PACKING pc=0x00000216760beeb4 sp=0x000000e5523f7cf0
Event: 6.109 Thread 0x0000021647af3380 DEOPT UNPACKING pc=0x0000021675c12b43 sp=0x000000e5523f71b0 mode 0
Event: 849.065 Thread 0x000002164ed45190 DEOPT PACKING pc=0x0000021676c9831c sp=0x000000e5531f9090
Event: 849.065 Thread 0x000002164ed45190 DEOPT UNPACKING pc=0x0000021675c12b43 sp=0x000000e5531f86d0 mode 0
Event: 849.065 Thread 0x000002164ed45190 DEOPT PACKING pc=0x0000021676c60674 sp=0x000000e5531f99c0
Event: 849.065 Thread 0x000002164ed45190 DEOPT UNPACKING pc=0x0000021675c12b43 sp=0x000000e5531f8f08 mode 0
Event: 849.074 Thread 0x000002164ed45190 DEOPT PACKING pc=0x00000216771b97ac sp=0x000000e5531f9c00
Event: 849.074 Thread 0x000002164ed45190 DEOPT UNPACKING pc=0x0000021675c12b43 sp=0x000000e5531f9150 mode 0
Event: 1105.077 Thread 0x000002164dbc7790 DEOPT PACKING pc=0x0000021676df8bd4 sp=0x000000e553bf9b40
Event: 1105.077 Thread 0x000002164dbc7790 DEOPT UNPACKING pc=0x0000021675c12b43 sp=0x000000e553bf8fb0 mode 0
Event: 1107.111 Thread 0x000002164ed45190 DEOPT PACKING pc=0x000002167716aa9c sp=0x000000e5531fa3e0
Event: 1107.111 Thread 0x000002164ed45190 DEOPT UNPACKING pc=0x0000021675c12b43 sp=0x000000e5531f9890 mode 0

Classes unloaded (20 events):
Event: 843.756 Thread 0x000002167edfe1b0 Unloading class 0x00000216073eac50 'com/boa/di/rundeckproject/controller/project/ProjectStatsController'
Event: 843.756 Thread 0x000002167edfe1b0 Unloading class 0x00000216073eaa10 'com/boa/di/rundeckproject/controller/project/ProjectController'
Event: 843.756 Thread 0x000002167edfe1b0 Unloading class 0x00000216073ea800 'com/boa/di/rundeckproject/controller/node/NodeStatsController'
Event: 843.756 Thread 0x000002167edfe1b0 Unloading class 0x0000021607482430 'com/boa/di/rundeckproject/controller/node/NodeController'
Event: 843.756 Thread 0x000002167edfe1b0 Unloading class 0x0000021607482210 'com/boa/di/rundeckproject/controller/log/LogOutputController'
Event: 843.756 Thread 0x000002167edfe1b0 Unloading class 0x0000021607482000 'com/boa/di/rundeckproject/controller/login/LoginController'
Event: 843.756 Thread 0x000002167edfe1b0 Unloading class 0x0000021607498c60 'com/boa/di/rundeckproject/controller/job/JobStateController'
Event: 843.756 Thread 0x000002167edfe1b0 Unloading class 0x0000021607498a10 'com/boa/di/rundeckproject/controller/job/JobController'
Event: 843.756 Thread 0x000002167edfe1b0 Unloading class 0x0000021607498800 'com/boa/di/rundeckproject/controller/history/HistoriqueExecutionController'
Event: 843.756 Thread 0x000002167edfe1b0 Unloading class 0x0000021607637c08 'com/boa/di/rundeckproject/controller/execution/ExecutionController'
Event: 843.756 Thread 0x000002167edfe1b0 Unloading class 0x0000021607637a00 'com/boa/di/rundeckproject/controller/dashboard/DashboardController'
Event: 843.756 Thread 0x000002167edfe1b0 Unloading class 0x0000021607637800 'com/boa/di/rundeckproject/RundeckProjectApplication'
Event: 843.756 Thread 0x000002167edfe1b0 Unloading class 0x00000216073e8400 'jdk/internal/reflect/GeneratedMethodAccessor111'
Event: 843.756 Thread 0x000002167edfe1b0 Unloading class 0x00000216073ec000 'jdk/internal/reflect/GeneratedMethodAccessor110'
Event: 843.756 Thread 0x000002167edfe1b0 Unloading class 0x000002160749b000 'jdk/internal/reflect/GeneratedMethodAccessor108'
Event: 843.756 Thread 0x000002167edfe1b0 Unloading class 0x000002160767c000 'jdk/internal/reflect/GeneratedMethodAccessor107'
Event: 843.756 Thread 0x000002167edfe1b0 Unloading class 0x0000021607690400 'jdk/internal/reflect/GeneratedMethodAccessor106'
Event: 843.756 Thread 0x000002167edfe1b0 Unloading class 0x00000216077e1400 'jdk/internal/reflect/GeneratedMethodAccessor105'
Event: 843.756 Thread 0x000002167edfe1b0 Unloading class 0x00000216078d4800 'jdk/internal/reflect/GeneratedMethodAccessor104'
Event: 843.756 Thread 0x000002167edfe1b0 Unloading class 0x0000021607a0dc00 'jdk/internal/reflect/GeneratedMethodAccessor103'

Classes redefined (0 events):
No events

Internal exceptions (20 events):
Event: 2106.716 Thread 0x000002164ed47500 Exception <a 'java/lang/NoSuchMethodError'{0x000000070fcadbc0}: static [B.<clinit>()V> (0x000000070fcadbc0) 
thrown [s\open\src\hotspot\share\prims\jni.cpp, line 1107]
Event: 2406.727 Thread 0x000002164ed47500 Exception <a 'java/lang/NoSuchMethodError'{0x00000007110acef8}: static [B.<clinit>()V> (0x00000007110acef8) 
thrown [s\open\src\hotspot\share\prims\jni.cpp, line 1107]
Event: 2706.725 Thread 0x000002164dbc4a00 Exception <a 'java/lang/NoSuchMethodError'{0x0000000711c036d0}: static [B.<clinit>()V> (0x0000000711c036d0) 
thrown [s\open\src\hotspot\share\prims\jni.cpp, line 1107]
Event: 3006.726 Thread 0x000002164dbc4a00 Exception <a 'java/lang/NoSuchMethodError'{0x000000070f1ce550}: static [B.<clinit>()V> (0x000000070f1ce550) 
thrown [s\open\src\hotspot\share\prims\jni.cpp, line 1107]
Event: 3306.727 Thread 0x000002164dbc4a00 Exception <a 'java/lang/NoSuchMethodError'{0x0000000710993e00}: static [B.<clinit>()V> (0x0000000710993e00) 
thrown [s\open\src\hotspot\share\prims\jni.cpp, line 1107]
Event: 3606.729 Thread 0x000002164dbc4a00 Exception <a 'java/lang/NoSuchMethodError'{0x0000000712013600}: static [B.<clinit>()V> (0x0000000712013600) 
thrown [s\open\src\hotspot\share\prims\jni.cpp, line 1107]
Event: 3906.736 Thread 0x000002164dbc4a00 Exception <a 'java/lang/NoSuchMethodError'{0x000000070f670738}: static [B.<clinit>()V> (0x000000070f670738) 
thrown [s\open\src\hotspot\share\prims\jni.cpp, line 1107]
Event: 4206.732 Thread 0x000002164dbc4a00 Exception <a 'java/lang/NoSuchMethodError'{0x0000000711191508}: static [B.<clinit>()V> (0x0000000711191508) 
thrown [s\open\src\hotspot\share\prims\jni.cpp, line 1107]
Event: 4506.734 Thread 0x000002164dbc4a00 Exception <a 'java/lang/NoSuchMethodError'{0x000000071256b728}: static [B.<clinit>()V> (0x000000071256b728) 
thrown [s\open\src\hotspot\share\prims\jni.cpp, line 1107]
Event: 4569.077 Thread 0x000002164ed465d0 Exception <a 'java/io/IOException'{0x000000070f8b0630}> (0x000000070f8b0630) 
thrown [s\open\src\hotspot\share\prims\jni.cpp, line 516]
Event: 4569.092 Thread 0x000002164ed46ff0 Exception <a 'java/io/IOException'{0x000000070f8ffbe8}> (0x000000070f8ffbe8) 
thrown [s\open\src\hotspot\share\prims\jni.cpp, line 516]
Event: 4569.142 Thread 0x000002164ed46ff0 Exception <a 'java/lang/NoSuchMethodError'{0x000000070f93fd18}: 'java.lang.Object java.lang.invoke.Invokers$Holder.invoke_MT(java.lang.Object, java.lang.Object, java.lang.Object, java.lang.Object, java.lang.Object, java.lang.Object, java.lang.Object, java.lang.Object, java.lang.Object)'> (0x000000070f93fd18) 
thrown [s\open\src\hotspot\share\interpreter\linkResolver.cpp, line 759]
Event: 4569.143 Thread 0x000002164ed465d0 Exception <a 'java/lang/NoSuchMethodError'{0x000000070f9304c0}: 'java.lang.Object java.lang.invoke.Invokers$Holder.invoke_MT(java.lang.Object, java.lang.Object, java.lang.Object, java.lang.Object, java.lang.Object, java.lang.Object, java.lang.Object, java.lang.Object, java.lang.Object)'> (0x000000070f9304c0) 
thrown [s\open\src\hotspot\share\interpreter\linkResolver.cpp, line 759]
Event: 4569.172 Thread 0x000002164ed46ff0 Exception <a 'java/io/IOException'{0x000000070f9f7338}> (0x000000070f9f7338) 
thrown [s\open\src\hotspot\share\prims\jni.cpp, line 516]
Event: 4569.174 Thread 0x000002164ed465d0 Exception <a 'java/io/IOException'{0x000000070f9f53c0}> (0x000000070f9f53c0) 
thrown [s\open\src\hotspot\share\prims\jni.cpp, line 516]
Event: 4625.014 Thread 0x00000216476a7c50 Exception <a 'java/lang/Error'{0x0000000711a5e2b0}: IP Helper Library GetIfTable function failed> (0x0000000711a5e2b0) 
thrown [s\open\src\hotspot\share\prims\jni.cpp, line 535]
Event: 4627.084 Thread 0x0000021647af2450 Exception <a 'java/lang/Error'{0x0000000711b34198}: IP Helper Library GetAdaptersAddresses function failed with error == 1450> (0x0000000711b34198) 
thrown [s\open\src\hotspot\share\prims\jni.cpp, line 535]
Event: 4627.109 Thread 0x0000021647af2450 Exception <a 'java/lang/Error'{0x0000000711b38a50}: IP Helper Library GetAdaptersAddresses function failed with error == 1450> (0x0000000711b38a50) 
thrown [s\open\src\hotspot\share\prims\jni.cpp, line 535]
Event: 4627.109 Thread 0x000002164dbc3fe0 Exception <a 'java/io/IOException'{0x0000000711befde8}> (0x0000000711befde8) 
thrown [s\open\src\hotspot\share\prims\jni.cpp, line 516]
Event: 4628.145 Thread 0x000002164ed42400 Exception <a 'java/lang/InterruptedException'{0x00000007118ad308}: sleep interrupted> (0x00000007118ad308) 
thrown [s\open\src\hotspot\share\prims\jvm.cpp, line 3064]

VM Operations (20 events):
Event: 4361.747 Executing VM operation: Cleanup done
Event: 4379.703 Executing VM operation: G1CollectForAllocation
Event: 4379.711 Executing VM operation: G1CollectForAllocation done
Event: 4390.585 Executing VM operation: HandshakeAllThreads
Event: 4390.585 Executing VM operation: HandshakeAllThreads done
Event: 4450.588 Executing VM operation: HandshakeAllThreads
Event: 4450.588 Executing VM operation: HandshakeAllThreads done
Event: 4484.725 Executing VM operation: G1CollectForAllocation
Event: 4484.727 Executing VM operation: G1CollectForAllocation done
Event: 4522.758 Executing VM operation: Cleanup
Event: 4522.758 Executing VM operation: Cleanup done
Event: 4569.806 Executing VM operation: Cleanup
Event: 4569.806 Executing VM operation: Cleanup done
Event: 4570.949 Executing VM operation: HandshakeAllThreads
Event: 4570.949 Executing VM operation: HandshakeAllThreads done
Event: 4587.695 Executing VM operation: G1CollectForAllocation
Event: 4587.696 Executing VM operation: G1CollectForAllocation done
Event: 4627.715 Executing VM operation: Cleanup
Event: 4628.113 Executing VM operation: Cleanup done
Event: 4628.145 Executing VM operation: G1CollectFull

Events (20 events):
Event: 4627.110 loading class java/nio/channels/AsynchronousCloseException done
Event: 4628.113 Thread 0x0000021647af2450 Thread exited: 0x0000021647af2450
Event: 4628.114 Thread 0x000002164dbc3fe0 Thread exited: 0x000002164dbc3fe0
Event: 4628.114 Thread 0x000002164dbc7280 Thread exited: 0x000002164dbc7280
Event: 4628.115 Thread 0x000002164ed46ff0 Thread exited: 0x000002164ed46ff0
Event: 4628.115 Thread 0x000002164ed460c0 Thread exited: 0x000002164ed460c0
Event: 4628.115 Thread 0x000002164ed48940 Thread exited: 0x000002164ed48940
Event: 4628.115 Thread 0x000002164ed45190 Thread exited: 0x000002164ed45190
Event: 4628.115 Thread 0x000002164ed47f20 Thread exited: 0x000002164ed47f20
Event: 4628.115 Thread 0x000002164ed48430 Thread exited: 0x000002164ed48430
Event: 4628.115 Thread 0x000002164dbc7790 Thread exited: 0x000002164dbc7790
Event: 4628.115 Thread 0x000002164ed465d0 Thread exited: 0x000002164ed465d0
Event: 4628.115 Thread 0x000002164ed46ae0 Thread exited: 0x000002164ed46ae0
Event: 4628.115 Thread 0x000002164ed45bb0 Thread exited: 0x000002164ed45bb0
Event: 4628.134 Thread 0x0000021647af2450 Thread added: 0x0000021647af2450
Event: 4628.135 Thread 0x000002164ed42e20 Thread exited: 0x000002164ed42e20
Event: 4628.137 Thread 0x0000021647af2450 Thread exited: 0x0000021647af2450
Event: 4628.145 Thread 0x000002164ed40fc0 Thread exited: 0x000002164ed40fc0
Event: 4628.145 Thread 0x000002164ed43840 Thread exited: 0x000002164ed43840
Event: 4628.145 Thread 0x000002164ed42400 Thread exited: 0x000002164ed42400


Dynamic libraries:
0x00007ff633070000 - 0x00007ff633080000 	C:\Program Files\Java\jdk-17.0.10\bin\java.exe
0x00007ffc29d40000 - 0x00007ffc29fa5000 	C:\WINDOWS\SYSTEM32\ntdll.dll
0x00007ffbf6700000 - 0x00007ffbf671b000 	C:\Program Files\Avast Software\Avast\aswhook.dll
0x00007ffc29710000 - 0x00007ffc297d9000 	C:\WINDOWS\System32\KERNEL32.DLL
0x00007ffc27500000 - 0x00007ffc278e8000 	C:\WINDOWS\System32\KERNELBASE.dll
0x00007ffc27990000 - 0x00007ffc27adb000 	C:\WINDOWS\System32\ucrtbase.dll
0x00007ffc21540000 - 0x00007ffc21559000 	C:\Program Files\Java\jdk-17.0.10\bin\jli.dll
0x00007ffc1d300000 - 0x00007ffc1d31b000 	C:\Program Files\Java\jdk-17.0.10\bin\VCRUNTIME140.dll
0x00007ffc27ae0000 - 0x00007ffc27b93000 	C:\WINDOWS\System32\ADVAPI32.dll
0x00007ffc28f90000 - 0x00007ffc29039000 	C:\WINDOWS\System32\msvcrt.dll
0x00007ffc29440000 - 0x00007ffc294e6000 	C:\WINDOWS\System32\sechost.dll
0x00007ffc282f0000 - 0x00007ffc28405000 	C:\WINDOWS\System32\RPCRT4.dll
0x00007ffc297e0000 - 0x00007ffc299aa000 	C:\WINDOWS\System32\USER32.dll
0x00007ffbfcc00000 - 0x00007ffbfce9a000 	C:\WINDOWS\WinSxS\amd64_microsoft.windows.common-controls_6595b64144ccf1df_6.0.26100.4202_none_3e0698d4e335f517\COMCTL32.dll
0x00007ffc272a0000 - 0x00007ffc272c7000 	C:\WINDOWS\System32\win32u.dll
0x00007ffc290f0000 - 0x00007ffc2911b000 	C:\WINDOWS\System32\GDI32.dll
0x00007ffc270d0000 - 0x00007ffc27207000 	C:\WINDOWS\System32\gdi32full.dll
0x00007ffc272d0000 - 0x00007ffc27373000 	C:\WINDOWS\System32\msvcp_win.dll
0x00007ffc1fa60000 - 0x00007ffc1fa6b000 	C:\WINDOWS\SYSTEM32\VERSION.dll
0x00007ffc29bb0000 - 0x00007ffc29be0000 	C:\WINDOWS\System32\IMM32.DLL
0x00007ffc220a0000 - 0x00007ffc220ac000 	C:\Program Files\Java\jdk-17.0.10\bin\vcruntime140_1.dll
0x00007ffbf1540000 - 0x00007ffbf15ce000 	C:\Program Files\Java\jdk-17.0.10\bin\msvcp140.dll
0x00007ffb7f1d0000 - 0x00007ffb7fdaf000 	C:\Program Files\Java\jdk-17.0.10\bin\server\jvm.dll
0x00007ffc29430000 - 0x00007ffc29438000 	C:\WINDOWS\System32\PSAPI.DLL
0x00007ffc1fa20000 - 0x00007ffc1fa55000 	C:\WINDOWS\SYSTEM32\WINMM.dll
0x00007ffc0f790000 - 0x00007ffc0f79a000 	C:\WINDOWS\SYSTEM32\WSOCK32.dll
0x00007ffc29c70000 - 0x00007ffc29ce4000 	C:\WINDOWS\System32\WS2_32.dll
0x00007ffc25c30000 - 0x00007ffc25c4b000 	C:\WINDOWS\SYSTEM32\kernel.appcore.dll
0x00007ffc1d180000 - 0x00007ffc1d18a000 	C:\Program Files\Java\jdk-17.0.10\bin\jimage.dll
0x00007ffc1bd60000 - 0x00007ffc1bfa1000 	C:\WINDOWS\SYSTEM32\DBGHELP.DLL
0x00007ffc28bf0000 - 0x00007ffc28f75000 	C:\WINDOWS\System32\combase.dll
0x00007ffc29600000 - 0x00007ffc296e1000 	C:\WINDOWS\System32\OLEAUT32.dll
0x00007ffc1a400000 - 0x00007ffc1a439000 	C:\WINDOWS\SYSTEM32\dbgcore.DLL
0x00007ffc278f0000 - 0x00007ffc27989000 	C:\WINDOWS\System32\bcryptPrimitives.dll
0x00007ffc221f0000 - 0x00007ffc221fe000 	C:\Program Files\Java\jdk-17.0.10\bin\instrument.dll
0x00007ffbf1680000 - 0x00007ffbf16a5000 	C:\Program Files\Java\jdk-17.0.10\bin\java.dll
0x00007ffbc0600000 - 0x00007ffbc06d7000 	C:\Program Files\Java\jdk-17.0.10\bin\jsvml.dll
0x00007ffc27ba0000 - 0x00007ffc282e2000 	C:\WINDOWS\System32\SHELL32.dll
0x00007ffc27380000 - 0x00007ffc274f4000 	C:\WINDOWS\System32\wintypes.dll
0x00007ffc24ad0000 - 0x00007ffc25328000 	C:\WINDOWS\SYSTEM32\windows.storage.dll
0x00007ffc299b0000 - 0x00007ffc29aa1000 	C:\WINDOWS\System32\SHCORE.dll
0x00007ffc29ab0000 - 0x00007ffc29b1a000 	C:\WINDOWS\System32\shlwapi.dll
0x00007ffc26da0000 - 0x00007ffc26dcf000 	C:\WINDOWS\SYSTEM32\profapi.dll
0x00007ffc0fb80000 - 0x00007ffc0fb98000 	C:\Program Files\Java\jdk-17.0.10\bin\zip.dll
0x00007ffc1d160000 - 0x00007ffc1d179000 	C:\Program Files\Java\jdk-17.0.10\bin\net.dll
0x00007ffc1f710000 - 0x00007ffc1f82e000 	C:\WINDOWS\SYSTEM32\WINHTTP.dll
0x00007ffc261c0000 - 0x00007ffc2622a000 	C:\WINDOWS\system32\mswsock.dll
0x00007ffc104b0000 - 0x00007ffc104c6000 	C:\Program Files\Java\jdk-17.0.10\bin\nio.dll
0x00007ffc25720000 - 0x00007ffc25847000 	C:\WINDOWS\SYSTEM32\DNSAPI.dll
0x00007ffc25680000 - 0x00007ffc256b3000 	C:\WINDOWS\SYSTEM32\IPHLPAPI.DLL
0x00007ffc29b20000 - 0x00007ffc29b2a000 	C:\WINDOWS\System32\NSI.dll
0x00007ffc1fa00000 - 0x00007ffc1fa0b000 	C:\Windows\System32\rasadhlp.dll
0x00007ffc1ccc0000 - 0x00007ffc1cd46000 	C:\WINDOWS\System32\fwpuclnt.dll
0x00007ffc10600000 - 0x00007ffc1060a000 	C:\Program Files\Java\jdk-17.0.10\bin\management.dll
0x00007ffc0ab80000 - 0x00007ffc0ab8b000 	C:\Program Files\Java\jdk-17.0.10\bin\management_ext.dll
0x00007ffc26480000 - 0x00007ffc2649b000 	C:\WINDOWS\SYSTEM32\CRYPTSP.dll
0x00007ffc25b90000 - 0x00007ffc25bca000 	C:\WINDOWS\system32\rsaenh.dll
0x00007ffc26260000 - 0x00007ffc2628b000 	C:\WINDOWS\SYSTEM32\USERENV.dll
0x00007ffc26d70000 - 0x00007ffc26d96000 	C:\WINDOWS\SYSTEM32\bcrypt.dll
0x00007ffc26470000 - 0x00007ffc2647c000 	C:\WINDOWS\SYSTEM32\CRYPTBASE.dll
0x00007ffc1f6e0000 - 0x00007ffc1f6ff000 	C:\WINDOWS\SYSTEM32\dhcpcsvc6.DLL
0x00007ffc1f6b0000 - 0x00007ffc1f6d5000 	C:\WINDOWS\SYSTEM32\dhcpcsvc.DLL
0x00007ffbfb3e0000 - 0x00007ffbfb3f8000 	C:\WINDOWS\system32\napinsp.dll
0x00007ffbfb3c0000 - 0x00007ffbfb3d2000 	C:\WINDOWS\System32\winrnr.dll
0x00007ffbfb380000 - 0x00007ffbfb3b0000 	C:\WINDOWS\system32\nlansp_c.dll
0x00007ffbff7c0000 - 0x00007ffbff7e0000 	C:\WINDOWS\system32\wshbth.dll
0x00007ffc15690000 - 0x00007ffc156a0000 	C:\Program Files\Java\jdk-17.0.10\bin\verify.dll
0x00007ffc222d0000 - 0x00007ffc2231e000 	C:\WINDOWS\SYSTEM32\pdh.dll
0x00007ffb71430000 - 0x00007ffb71448000 	C:\Program Files\Microsoft SQL Server\160\Shared\instapi160.dll
0x00007ffbf90a0000 - 0x00007ffbf90d6000 	C:\WINDOWS\SYSTEM32\rasman.dll
0x00007ffc01400000 - 0x00007ffc01412000 	C:\WINDOWS\System32\perfproc.dll
0x00007ffbfd840000 - 0x00007ffbfd84e000 	C:\Program Files\Java\jdk-17.0.10\bin\sunmscapi.dll
0x00007ffc26e90000 - 0x00007ffc27007000 	C:\WINDOWS\System32\CRYPT32.dll
0x00007ffc26690000 - 0x00007ffc266c0000 	C:\WINDOWS\SYSTEM32\ncrypt.dll
0x00007ffc26640000 - 0x00007ffc2667f000 	C:\WINDOWS\SYSTEM32\NTASN1.dll
0x0000000180000000 - 0x0000000180289000 	D:\apache-tomcat-9.0.74-windows-x64\apache-tomcat-9.0.74\bin\tcnative-1.dll
0x00007ffbc8f30000 - 0x00007ffbc8f38000 	C:\WINDOWS\system32\wshunix.dll

dbghelp: loaded successfully - version: 4.0.5 - missing functions: none
symbol engine: initialized successfully - sym options: 0x614 - pdb path: .;C:\Program Files\Java\jdk-17.0.10\bin;C:\WINDOWS\SYSTEM32;C:\Program Files\Avast Software\Avast;C:\WINDOWS\WinSxS\amd64_microsoft.windows.common-controls_6595b64144ccf1df_6.0.26100.4202_none_3e0698d4e335f517;C:\Program Files\Java\jdk-17.0.10\bin\server;C:\Windows\Microsoft.NET\Framework64\v4.0.30319;C:\Program Files\Microsoft SQL Server\160\Shared;D:\apache-tomcat-9.0.74-windows-x64\apache-tomcat-9.0.74\bin

VM Arguments:
jvm_args: -XX:TieredStopAtLevel=1 -Dspring.output.ansi.enabled=always -Dcom.sun.management.jmxremote -Dspring.jmx.enabled=true -Dspring.liveBeansView.mbeanDomain -Dspring.application.admin.enabled=true -Dmanagement.endpoints.jmx.exposure.include=* -javaagent:D:\JetBrains\IntelliJ IDEA 2024.3.5\lib\idea_rt.jar=63250 -Dfile.encoding=UTF-8 
java_command: com.boa.di.rundeckproject.RundeckProjectApplication
java_class_path (initial): D:\ITU\Stage\JobControl\target\classes;C:\Users\Toky\.m2\repository\org\springframework\boot\spring-boot-starter-security\3.4.5\spring-boot-starter-security-3.4.5.jar;C:\Users\Toky\.m2\repository\org\springframework\boot\spring-boot-starter\3.4.5\spring-boot-starter-3.4.5.jar;C:\Users\Toky\.m2\repository\org\springframework\boot\spring-boot-starter-logging\3.4.5\spring-boot-starter-logging-3.4.5.jar;C:\Users\Toky\.m2\repository\ch\qos\logback\logback-classic\1.5.18\logback-classic-1.5.18.jar;C:\Users\Toky\.m2\repository\ch\qos\logback\logback-core\1.5.18\logback-core-1.5.18.jar;C:\Users\Toky\.m2\repository\org\apache\logging\log4j\log4j-to-slf4j\2.24.3\log4j-to-slf4j-2.24.3.jar;C:\Users\Toky\.m2\repository\org\apache\logging\log4j\log4j-api\2.24.3\log4j-api-2.24.3.jar;C:\Users\Toky\.m2\repository\org\slf4j\jul-to-slf4j\2.0.17\jul-to-slf4j-2.0.17.jar;C:\Users\Toky\.m2\repository\jakarta\annotation\jakarta.annotation-api\2.1.1\jakarta.annotation-api-2.1.1.jar;C:\Users\Toky\.m2\repository\org\springframework\spring-aop\6.2.6\spring-aop-6.2.6.jar;C:\Users\Toky\.m2\repository\org\springframework\spring-beans\6.2.6\spring-beans-6.2.6.jar;C:\Users\Toky\.m2\repository\org\springframework\security\spring-security-config\6.4.5\spring-security-config-6.4.5.jar;C:\Users\Toky\.m2\repository\org\springframework\security\spring-security-core\6.4.5\spring-security-core-6.4.5.jar;C:\Users\Toky\.m2\repository\org\springframework\security\spring-security-crypto\6.4.5\spring-security-crypto-6.4.5.jar;C:\Users\Toky\.m2\repository\org\springframework\spring-context\6.2.6\spring-context-6.2.6.jar;C:\Users\Toky\.m2\repository\org\springframework\security\spring-security-web\6.4.5\spring-security-web-6.4.5.jar;C:\Users\Toky\.m2\repository\org\springframework\spring-expression\6.2.6\spring-expression-6.2.6.jar;C:\Users\Toky\.m2\repository\org\apache\httpcomponents\httpclient\4.5.14\httpclient-4.5.14.jar;C:\Users\Toky\.m2\repository\org\apache\httpcomponents\httpc
Launcher Type: SUN_STANDARD

[Global flags]
     intx CICompilerCount                          = 4                                         {product} {ergonomic}
     uint ConcGCThreads                            = 3                                         {product} {ergonomic}
     uint G1ConcRefinementThreads                  = 10                                        {product} {ergonomic}
   size_t G1HeapRegionSize                         = 2097152                                   {product} {ergonomic}
    uintx GCDrainStackTargetSize                   = 64                                        {product} {ergonomic}
   size_t InitialHeapSize                          = 257949696                                 {product} {ergonomic}
     bool ManagementServer                         = true                                      {product} {command line}
   size_t MarkStackSize                            = 4194304                                   {product} {ergonomic}
   size_t MaxHeapSize                              = 4120903680                                {product} {ergonomic}
   size_t MaxNewSize                               = 2472542208                                {product} {ergonomic}
   size_t MinHeapDeltaBytes                        = 2097152                                   {product} {ergonomic}
   size_t MinHeapSize                              = 8388608                                   {product} {ergonomic}
    uintx NonProfiledCodeHeapSize                  = 0                                      {pd product} {ergonomic}
     bool ProfileInterpreter                       = false                                  {pd product} {command line}
    uintx ProfiledCodeHeapSize                     = 0                                      {pd product} {ergonomic}
   size_t SoftMaxHeapSize                          = 4120903680                             {manageable} {ergonomic}
     intx TieredStopAtLevel                        = 1                                         {product} {command line}
     bool UseCompressedClassPointers               = true                           {product lp64_product} {ergonomic}
     bool UseCompressedOops                        = true                           {product lp64_product} {ergonomic}
     bool UseG1GC                                  = true                                      {product} {ergonomic}
     bool UseLargePagesIndividualAllocation        = false                                  {pd product} {ergonomic}

Logging:
Log output configuration:
 #0: stdout all=warning uptime,level,tags
 #1: stderr all=off uptime,level,tags

Environment Variables:
JAVA_HOME=C:\Program Files\Java\jdk-17.0.10
CLASSPATH=.;C:\app\Toky\product\11.2.0\dbhome_1\jdbc\lib\mysql-connector-j-8.1.0.jar;.;D:\Utils\postgresql-42.6.0.jar;.;D:\apache-tomcat-9.0.74-windows-x64\apache-tomcat-9.0.74\lib\servlet-api.jar;.;C:\app\Toky\product\11.2.0\dbhome_1\sqljdbc_12.6\fra\jars\mssql-jdbc-12.6.1.jre8.jar;.;D:\Utils\opencv\build\java\opencv-4100.jar;
PATH=C:\app\Toky\product\11.2.0\dbhome_1\bin;C:\Perl\site\bin;C:\Perl\bin;C:\Program Files\Python311\Scripts;C:\Program Files\Python311\;C:\WINDOWS\system32;C:\WINDOWS;C:\WINDOWS\System32\Wbem;C:\WINDOWS\System32\WindowsPowerShell\v1.0\;C:\WINDOWS\System32\OpenSSH\;C:\Program Files\dotnet\;C:\MinGW\bin;C:\Program Files\Java\jdk-17.0.10\bin;C:\Program Files\Microsoft SQL Server\150\Tools\Binn\;D:\apache-tomcat-9.0.74-windows-x64\apache-tomcat-9.0.74\bin;C:\Program Files\Microsoft SQL Server\Client SDK\ODBC\170\Tools\Binn\;C:\Program Files (x86)\Microsoft SQL Server\160\Tools\Binn\;C:\Program Files\Microsoft SQL Server\160\Tools\Binn\;C:\Program Files\Microsoft SQL Server\160\DTS\Binn\;C:\Program Files (x86)\Microsoft SQL Server\160\DTS\Binn\;C:\Program Files\Azure Data Studio\bin;C:\Program Files\nodejs\;C:\ProgramData\chocolatey\bin;C:\Program Files\PostgreSQL\15\bin;C:\Users\Toky\AppData\Roaming\Python\Python311\Scripts;D:\Utils\apache-ant-1.10.15\bin;D:\Utils\wildfly-26.1.2.Final\bin;D:\Utils\apache-maven-3.9.9-bin\apache-maven-3.9.9\bin;C:\Program Files\Git\cmd;D:\Utils\symfony-cli_windows_amd64;D:\Utils\php-8.2.22-Win32-vs16-x64;C:\Program Files\MariaDB 11.5\bin;D:\Utils\opencv\build\java\x64;D:\composer;C:\Program Files\Docker\Docker\resources\bin;D:\ITU\Stage\grafana-v12.0.1\bin;C:\Users\Toky\AppData\Local\Microsoft\WindowsApps;C:\xampp\tomcat\lib;D:\Microsoft VS Code\bin;C:\Users\Toky\.dotnet\tools;C:\Windows\Microsoft.NET\Framework64\v4.0.30319;C:\Program Files\Java\jdk-20\bin;C:\Users\Toky\AppData\Local\GitHubDesktop\bin;D:\apache-tomcat-9.0.74-windows-x64\apache-tomcat-9.0.74\bin;D:\gnuplot\bin;D:\IntelliJ IDEA Community Edition 2023.3.3\bin;D:\PyCharm Community Edition 2022.3.1\bin;C:\Program Files\Azure Data Studio\bin;C:\Program Files\Python311\Scripts;C:\Program Files\JetBrains\WebStorm 2023.3.5\bin;C:\Program Files\nodejs;C:\Users\Toky\AppData\Roaming\npm;D:\apache-tomcat-9.0.74-windows-x64\apache-tomcat-9.0.74\lib;C:\Program Files\JetBrains\IntelliJ IDE
USERNAME=Toky
OS=Windows_NT
PROCESSOR_IDENTIFIER=AMD64 Family 25 Model 80 Stepping 0, AuthenticAMD



---------------  S Y S T E M  ---------------

OS:
 Windows 11 , 64 bit Build 26100 (10.0.26100.4202)
OS uptime: 7 days 2:28 hours
Hyper-V role detected

CPU: total 12 (initial active 12) (12 cores per cpu, 2 threads per core) family 25 model 80 stepping 0 microcode 0xa50000d, cx8, cmov, fxsr, ht, mmx, 3dnowpref, sse, sse2, sse3, ssse3, sse4a, sse4.1, sse4.2, popcnt, lzcnt, tsc, tscinvbit, avx, avx2, aes, erms, clmul, bmi1, bmi2, adx, sha, fma, vzeroupper, clflush, clflushopt, hv

Memory: 4k page, system-wide physical 15713M (429M free)
TotalPageFile size 45308M (AvailPageFile size 0M)
current process WorkingSet (physical memory assigned to process): 177M, peak: 477M
current process commit charge ("private bytes"): 406M, peak: 678M

vm_info: Java HotSpot(TM) 64-Bit Server VM (17.0.10+11-LTS-240) for windows-amd64 JRE (17.0.10+11-LTS-240), built on Dec 19 2023 21:47:25 by "mach5one" with MS VC++ 17.1 (VS2022)

END.
